{
  "RSpec": {
    "coverage": {
      "/Users/georgeli/challenges/week 9/synapse-connection/app/helpers/application_helper.rb": [
        1,
        null
      ],
      "/Users/georgeli/challenges/week 9/synapse-connection/app/controllers/projects_controller.rb": [
        1,
        1,
        null,
        null,
        1,
        0,
        0,
        null,
        null,
        1,
        0,
        null,
        null,
        null,
        null,
        null,
        null,
        1,
        0,
        0,
        0,
        0,
        null,
        0,
        0,
        null,
        null,
        null,
        1,
        0,
        0,
        0,
        0,
        null,
        null,
        1,
        null,
        null,
        1,
        null,
        1,
        0,
        null,
        null
      ],
      "/Users/georgeli/challenges/week 9/synapse-connection/app/controllers/application_controller.rb": [
        1,
        1,
        null,
        1,
        null,
        1,
        null,
        1,
        2,
        null,
        null
      ],
      "/Users/georgeli/challenges/week 9/synapse-connection/app/channels/application_cable/channel.rb": [
        0,
        0,
        0,
        0
      ],
      "/Users/georgeli/challenges/week 9/synapse-connection/app/channels/application_cable/connection.rb": [
        0,
        0,
        0,
        0
      ],
      "/Users/georgeli/challenges/week 9/synapse-connection/app/controllers/api/v1/assignments_controller.rb": [
        0,
        0,
        0,
        0,
        0,
        0,
        0,
        0,
        0,
        0,
        0,
        0,
        0,
        0,
        0,
        0,
        0,
        0,
        0,
        0,
        0,
        0
      ],
      "/Users/georgeli/challenges/week 9/synapse-connection/app/controllers/api/v1/projects_controller.rb": [
        0,
        0,
        0,
        0,
        0,
        0,
        0,
        0,
        0,
        0,
        0,
        0,
        0,
        0,
        0,
        0,
        0,
        0,
        0,
        0,
        0,
        0,
        0
      ],
      "/Users/georgeli/challenges/week 9/synapse-connection/app/controllers/api/v1/search_controller.rb": [
        0,
        0,
        0,
        0,
        0,
        0,
        0,
        0,
        0,
        0,
        0,
        0,
        0,
        0,
        0,
        0,
        0,
        0,
        0,
        0,
        0,
        0
      ],
      "/Users/georgeli/challenges/week 9/synapse-connection/app/controllers/Projects_Controller.rb": [
        0,
        0,
        0,
        0,
        0,
        0,
        0,
        0,
        0,
        0,
        0,
        0,
        0,
        0,
        0,
        0,
        0,
        0,
        0,
        0,
        0,
        0,
        0,
        0,
        0,
        0,
        0,
        0,
        0,
        0,
        0,
        0,
        0,
        0,
        0,
        0,
        0,
        0,
        0,
        0,
        0,
        0,
        0,
        0
      ],
      "/Users/georgeli/challenges/week 9/synapse-connection/app/controllers/Users_Controller.rb": [
        0,
        0,
        0,
        0,
        0
      ],
      "/Users/georgeli/challenges/week 9/synapse-connection/app/jobs/application_job.rb": [
        0,
        0
      ],
      "/Users/georgeli/challenges/week 9/synapse-connection/app/mailers/application_mailer.rb": [
        0,
        0,
        0,
        0
      ],
      "/Users/georgeli/challenges/week 9/synapse-connection/app/models/application_record.rb": [
        0,
        0,
        0
      ],
      "/Users/georgeli/challenges/week 9/synapse-connection/app/models/assignment.rb": [
        0,
        0,
        0,
        0
      ],
      "/Users/georgeli/challenges/week 9/synapse-connection/app/models/project.rb": [
        0,
        0,
        0,
        0,
        0,
        0,
        0,
        0,
        0,
        0
      ],
      "/Users/georgeli/challenges/week 9/synapse-connection/app/models/search.rb": [
        0,
        0,
        0,
        0,
        0,
        0,
        0
      ],
      "/Users/georgeli/challenges/week 9/synapse-connection/app/models/user.rb": [
        0,
        0,
        0,
        0,
        0,
        0,
        0,
        0,
        0,
        0,
        0,
        0,
        0,
        0,
        0,
        0,
        0,
        0
      ]
    },
    "timestamp": 1494360203
  }
}
